<?xml version="1.0" encoding="UTF-8"?>
<!-- Generated by org.testng.reporters.JUnitXMLReporter -->
<testsuite ignored="1" hostname="DESKTOP-88838KS" failures="0"
	tests="2" name="Test" time="0.154" errors="0"
	timestamp="2023-08-31T16:47:21 IST">
	<testcase classname="TestNg.Group" name="Integration"
		time="0.019" />
	<testcase classname="TestNg.Group" name="Smoke" time="0.003" />
	<testcase classname="TestNg.Group" name="Sanity" time="0.0">
		<ignored />
	</testcase> <!-- Sanity -->
</testsuite> <!-- Test -->
