<?xml version="1.0" encoding="UTF-8"?>
<!-- Generated by org.testng.reporters.JUnitXMLReporter -->
<testsuite ignored="0" hostname="DESKTOP-88838KS" failures="1" tests="3" name="Test" time="0.194" errors="0" timestamp="2024-02-08T19:08:09 IST">
  <testcase classname="TestNg.Lisners" name="get" time="0.018"/>
  <testcase classname="TestNg.Lisners" name="show" time="0.034">
    <failure type="java.lang.AssertionError" message="expected [B] but found [A]">
      <![CDATA[java.lang.AssertionError: expected [B] but found [A]
at TestNg.Lisners.show(Lisners.java:20)
at java.base/java.util.ArrayList.forEach(ArrayList.java:1541)
... Removed 33 stack frames]]>
    </failure>
  </testcase> <!-- show -->
  <testcase classname="TestNg.Lisners" name="get1" time="0.001">
    <skipped/>
  </testcase> <!-- get1 -->
</testsuite> <!-- Test -->
