<?xml version="1.0" encoding="UTF-8"?>
<testng-results ignored="0" total="1" passed="1" failed="0" skipped="0">
  <reporter-output>
  </reporter-output>
  <suite started-at="2023-09-07T23:55:39 IST" name="Default suite" finished-at="2023-09-07T23:55:44 IST" duration-ms="5176">
    <groups>
    </groups>
    <test started-at="2023-09-07T23:55:39 IST" name="Default test" finished-at="2023-09-07T23:55:44 IST" duration-ms="5176">
      <class name="RestAssured.SOUAP_UI">
        <test-method signature="validateSoap()[pri:0, instance:RestAssured.SOUAP_UI@5f049ea1]" started-at="2023-09-07T23:55:39 IST" name="validateSoap" finished-at="2023-09-07T23:55:44 IST" duration-ms="5088" status="PASS">
          <reporter-output>
          </reporter-output>
        </test-method> <!-- validateSoap -->
      </class> <!-- RestAssured.SOUAP_UI -->
    </test> <!-- Default test -->
  </suite> <!-- Default suite -->
</testng-results>
